2025-03-14 19:16:50,497 - Пассажир 126 изменил свой статус с 'Поиск билета' на 'Покупка билета'.
2025-03-14 20:15:52,979 - Пассажир 127 изменил свой статус с 'Поиск билета' на 'Покупка билета'.
2025-03-14 20:19:37,381 - Пассажир 128 изменил свой статус с 'Поиск билета' на 'Покупка билета'.
2025-03-14 20:43:14,960 - Пассажир 129 изменил свой статус с 'Поиск билета' на 'Покупка билета'.
2025-03-14 21:13:50,364 - Пассажир 131 изменил свой статус с 'Поиск билета' на 'Покупка билета'.
2025-03-14 21:20:10,822 - Пассажир 132 изменил свой статус с 'Поиск билета' на 'Покупка билета'.
2025-03-14 21:30:11,594 - Пассажир 133 изменил свой статус с 'Поиск билета' на 'Покупка билета'.
2025-03-14 21:43:42,818 - Пассажир 134 изменил свой статус с 'Поиск билета' на 'Покупка билета'.
2025-03-14 23:16:06,667 - Пассажир 135 изменил свой статус с 'Поиск билета' на 'Покупка билета'.
2025-03-15 01:27:56,308 - Пассажир None изменил свой статус с 'На посадку' на 'Транспортировка'.
2025-03-15 01:27:56,309 - Пассажир None изменил свой статус с 'На посадку' на 'Транспортировка'.
2025-03-15 01:28:06,444 - Пассажир None изменил свой статус с 'На посадку' на 'Транспортировка'.
2025-03-15 01:28:06,444 - Пассажир None изменил свой статус с 'На посадку' на 'Транспортировка'.
2025-03-15 01:28:16,489 - Пассажир None изменил свой статус с 'На посадку' на 'Транспортировка'.
2025-03-15 01:28:16,489 - Пассажир None изменил свой статус с 'На посадку' на 'Транспортировка'.
2025-03-15 01:29:15,786 - Пассажир None изменил свой статус с 'На посадку' на 'Транспортировка'.
2025-03-15 01:29:15,786 - Пассажир None изменил свой статус с 'На посадку' на 'Транспортировка'.
2025-03-15 01:29:25,922 - Пассажир None изменил свой статус с 'На посадку' на 'Транспортировка'.
2025-03-15 01:29:25,922 - Пассажир None изменил свой статус с 'На посадку' на 'Транспортировка'.
2025-03-15 01:29:35,991 - Пассажир None изменил свой статус с 'На посадку' на 'Транспортировка'.
2025-03-15 01:29:35,991 - Пассажир None изменил свой статус с 'На посадку' на 'Транспортировка'.
2025-03-15 01:48:03,342 - Пассажир 152 изменил свой статус с 'Поиск билета' на 'Покупка билета'.
2025-03-15 01:51:54,969 - Пассажир 153 изменил свой статус с 'Поиск билета' на 'Покупка билета'.
2025-03-15 01:53:19,997 - Пассажир 154 изменил свой статус с 'Поиск билета' на 'Покупка билета'.
2025-03-15 01:58:12,561 - Пассажир 155 изменил свой статус с 'Поиск билета' на 'Покупка билета'.
2025-03-15 02:02:25,997 - Пассажир 1 изменил свой статус с 'На посадку' на 'Транспортировка'.
2025-03-15 02:02:25,997 - Пассажир 2 изменил свой статус с 'На посадку' на 'Транспортировка'.
2025-03-15 02:02:36,053 - Пассажир 1 изменил свой статус с 'На посадку' на 'Транспортировка'.
2025-03-15 02:02:36,054 - Пассажир 2 изменил свой статус с 'На посадку' на 'Транспортировка'.
2025-03-15 02:06:48,030 - Пассажир 145 изменил свой статус с 'На посадку' на 'Транспортировка'.
2025-03-15 02:06:48,034 - Пассажир 148 изменил свой статус с 'На посадку' на 'Транспортировка'.
2025-03-15 02:06:58,213 - Пассажир 145 изменил свой статус с 'На посадку' на 'Транспортировка'.
2025-03-15 02:06:58,213 - Пассажир 148 изменил свой статус с 'На посадку' на 'Транспортировка'.
2025-03-15 02:07:08,338 - Пассажир 145 изменил свой статус с 'На посадку' на 'Транспортировка'.
2025-03-15 02:07:08,339 - Пассажир 148 изменил свой статус с 'На посадку' на 'Транспортировка'.
2025-03-15 02:07:18,441 - Пассажир 145 изменил свой статус с 'На посадку' на 'Транспортировка'.
2025-03-15 02:07:18,441 - Пассажир 148 изменил свой статус с 'На посадку' на 'Транспортировка'.
2025-03-15 02:07:28,571 - Пассажир 145 изменил свой статус с 'На посадку' на 'Транспортировка'.
2025-03-15 02:07:28,571 - Пассажир 148 изменил свой статус с 'На посадку' на 'Транспортировка'.
2025-03-15 02:07:38,641 - Пассажир 145 изменил свой статус с 'На посадку' на 'Транспортировка'.
2025-03-15 02:07:38,641 - Пассажир 148 изменил свой статус с 'На посадку' на 'Транспортировка'.
2025-03-15 02:07:48,895 - Пассажир 145 изменил свой статус с 'На посадку' на 'Транспортировка'.
2025-03-15 02:07:48,896 - Пассажир 148 изменил свой статус с 'На посадку' на 'Транспортировка'.
2025-03-15 02:07:59,009 - Пассажир 145 изменил свой статус с 'На посадку' на 'Транспортировка'.
2025-03-15 02:07:59,010 - Пассажир 148 изменил свой статус с 'На посадку' на 'Транспортировка'.
2025-03-15 02:10:36,260 - Пассажир None изменил свой статус с 'Транспортировка' на 'На борту'.
2025-03-15 02:10:36,261 - Пассажир None изменил свой статус с 'Транспортировка' на 'На борту'.
2025-03-15 02:10:36,261 - Пассажир None изменил свой статус с 'Транспортировка' на 'На борту'.
2025-03-15 02:10:36,261 - Пассажир None изменил свой статус с 'Транспортировка' на 'На борту'.
2025-03-15 02:10:36,262 - Пассажир None изменил свой статус с 'Транспортировка' на 'На борту'.
2025-03-15 02:10:36,262 - Пассажир None изменил свой статус с 'Транспортировка' на 'На борту'.
2025-03-15 02:12:27,226 - Пассажир 156 изменил свой статус с 'Поиск билета' на 'Покупка билета'.
2025-03-15 02:17:59,962 - Пассажир 157 изменил свой статус с 'Поиск билета' на 'Покупка билета'.
2025-03-15 02:22:52,714 - Пассажир 157 изменил свой статус с 'Поиск билета' на 'Покупка билета'.
2025-03-15 02:34:06,466 - Пассажир 157 изменил свой статус с 'Покупка билета' на 'Поиск билета'.
2025-03-15 02:34:26,921 - Пассажир 157 изменил свой статус с 'Поиск билета' на 'Покупка билета'.
2025-03-15 02:34:47,059 - Пассажир 157 изменил свой статус с 'Покупка билета' на 'Поиск билета'.
2025-03-15 02:36:12,069 - Пассажир 157 изменил свой статус с 'Поиск билета' на 'Покупка билета'.
2025-03-15 02:37:32,522 - Пассажир 157 изменил свой статус с 'Покупка билета' на 'Продажа билета'.
2025-03-15 02:59:24,932 - Пассажир 159 изменил свой статус с 'Поиск билета' на 'Покупка билета'.
2025-03-15 03:11:51,014 - Пассажир 160 изменил свой статус с 'Поиск билета' на 'Покупка билета'.
2025-03-15 03:12:01,124 - Пассажир 160 изменил свой статус с 'Покупка билета' на 'Продажа билета'.
2025-03-15 03:29:56,414 - Пассажир 161 изменил свой статус с 'Поиск билета' на 'Покупка билета'.
2025-03-15 03:30:36,707 - Пассажир 161 изменил свой статус с 'Покупка билета' на 'Продажа билета'.
2025-03-15 03:33:12,647 - Пассажир 162 изменил свой статус с 'Поиск билета' на 'Покупка билета'.
2025-03-15 03:34:53,153 - Пассажир 162 изменил свой статус с 'Покупка билета' на 'Продажа билета'.
2025-03-15 03:35:03,329 - Пассажир 162 изменил свой статус с 'Продажа билета' на 'Unsuccessful'.
2025-03-15 03:35:13,425 - Аэропорт покинуло 1 человек.
2025-03-15 03:40:11,372 - Пассажир 163 изменил свой статус с 'Поиск билета' на 'Продажа билета'.
2025-03-15 03:40:51,568 - Пассажир 163 изменил свой статус с 'Продажа билета' на 'Unsuccessful'.
2025-03-15 03:41:01,629 - Аэропорт покинуло 1 человек.
2025-03-15 03:41:27,010 - Пассажир 164 изменил свой статус с 'Поиск билета' на 'Покупка билета'.
2025-03-15 03:44:58,288 - Пассажир 164 изменил свой статус с 'Покупка билета' на 'Поиск билета'.
2025-03-15 03:45:08,500 - Пассажир 164 изменил свой статус с 'Поиск билета' на 'Покупка билета'.
2025-03-15 03:46:02,002 - Пассажир 165 изменил свой статус с 'Поиск билета' на 'Регистрация'.
2025-03-15 03:47:54,045 - Пассажир 166 изменил свой статус с 'Поиск билета' на 'Регистрация'.
2025-03-15 03:57:30,208 - Пассажир 167 изменил свой статус с 'Поиск билета' на 'Регистрация'.
2025-03-15 03:57:30,208 - Пассажир 168 изменил свой статус с 'Поиск билета' на 'Покупка билета'.
2025-03-15 03:58:00,401 - Пассажир 168 изменил свой статус с 'Покупка билета' на 'Регистрация'.
2025-03-15 04:03:17,722 - Пассажир 169 изменил свой статус с 'Поиск билета' на 'Регистрация'.
2025-03-15 04:03:17,723 - Пассажир 170 изменил свой статус с 'Поиск билета' на 'Покупка билета'.
2025-03-15 04:03:47,981 - Пассажир 170 изменил свой статус с 'Покупка билета' на 'Регистрация'.
2025-03-15 04:13:13,515 - Пассажир 171 изменил свой статус с 'Поиск билета' на 'Регистрация'.
2025-03-15 04:13:13,516 - Пассажир 172 изменил свой статус с 'Поиск билета' на 'Покупка билета'.
2025-03-15 04:15:34,223 - Пассажир 172 изменил свой статус с 'Покупка билета' на 'Регистрация'.
2025-03-15 04:23:42,267 - Пассажир 173 изменил свой статус с 'Поиск билета' на 'Регистрация'.
2025-03-15 04:23:42,268 - Пассажир 174 изменил свой статус с 'Поиск билета' на 'Покупка билета'.
2025-03-15 04:24:12,451 - Пассажир 174 изменил свой статус с 'Покупка билета' на 'Регистрация'.
2025-03-15 04:49:29,624 - Пассажир 175 изменил свой статус с 'Поиск билета' на 'Покупка билета'.
2025-03-15 04:49:29,624 - Пассажир 176 изменил свой статус с 'Поиск билета' на 'Регистрация'.
2025-03-15 04:50:30,090 - Пассажир 175 изменил свой статус с 'Покупка билета' на 'Регистрация'.
2025-03-15 04:53:38,779 - Пассажир 176 изменил свой статус с 'Регистрация' на 'Удаление'.
2025-03-15 04:53:48,837 - Аэропорт покинуло 1 человек.
2025-03-15 04:56:39,570 - Пассажир 177 изменил свой статус с 'Поиск билета' на 'Покупка билета'.
2025-03-15 04:56:59,815 - Пассажир 178 изменил свой статус с 'Поиск билета' на 'Покупка билета'.
2025-03-15 04:58:40,279 - Пассажир 179 изменил свой статус с 'Поиск билета' на 'Покупка билета'.
2025-03-15 04:58:40,279 - Пассажир 180 изменил свой статус с 'Поиск билета' на 'Покупка билета'.
2025-03-15 04:59:00,530 - Пассажир 180 изменил свой статус с 'Покупка билета' на 'Регистрация'.
2025-03-15 05:00:20,971 - Пассажир 179 изменил свой статус с 'Покупка билета' на 'Регистрация'.
2025-03-15 05:11:20,375 - Пассажир 181 изменил свой статус с 'Поиск билета' на 'Покупка билета'.
2025-03-15 05:11:20,375 - Пассажир 182 изменил свой статус с 'Поиск билета' на 'Покупка билета'.
2025-03-15 05:11:30,631 - Пассажир 181 изменил свой статус с 'Покупка билета' на 'Регистрация'.
2025-03-15 05:11:30,634 - Пассажир 182 изменил свой статус с 'Покупка билета' на 'Регистрация'.
2025-03-15 05:18:34,125 - Пассажир 181 изменил свой статус с 'Регистрация' на 'Удаление'.
2025-03-15 05:18:44,197 - Аэропорт покинуло 1 человек.
2025-03-15 05:20:11,472 - Пассажир 182 изменил свой статус с 'Регистрация' на 'Удаление'.
2025-03-15 05:20:21,602 - Аэропорт покинуло 1 человек.
2025-03-15 05:26:44,205 - Пассажир 183 изменил свой статус с 'Поиск билета' на 'Покупка билета'.
2025-03-15 05:26:44,205 - Пассажир 184 изменил свой статус с 'Поиск билета' на 'Покупка билета'.
2025-03-15 05:27:14,424 - Пассажир 183 изменил свой статус с 'Покупка билета' на 'Регистрация'.
2025-03-15 05:28:04,917 - Пассажир 184 изменил свой статус с 'Покупка билета' на 'Регистрация'.
2025-03-15 05:28:55,243 - Пассажир 183 изменил свой статус с 'Регистрация' на 'На посадку'.
2025-03-15 05:33:41,474 - Пассажир 185 изменил свой статус с 'Поиск билета' на 'Покупка билета'.
2025-03-15 05:34:31,822 - Пассажир 185 изменил свой статус с 'Покупка билета' на 'Регистрация'.
2025-03-15 05:37:42,906 - Пассажир 185 изменил свой статус с 'Регистрация' на 'На посадку'.
