2025-03-14 17:35:49,003 - Пользователь сгенерировал 1 пассажиров с характеристиками: поведение - Продажа, вес багажа - Случайно
2025-03-14 18:08:16,466 - Пользователь сгенерировал 1 пассажиров с характеристиками: поведение - Продажа, вес багажа - Случайно
2025-03-14 18:39:59,270 - Пользователь сгенерировал 1 пассажиров с характеристиками: поведение - Продажа, вес багажа - Случайно
2025-03-14 20:14:36,567 - Пользователь сгенерировал 1 пассажиров с характеристиками: поведение - Продажа, вес багажа - Случайно
2025-03-14 20:19:22,584 - Пользователь сгенерировал 1 пассажиров с характеристиками: поведение - Продажа, вес багажа - Случайно
2025-03-14 20:43:10,533 - Пользователь сгенерировал 1 пассажиров с характеристиками: поведение - Продажа, вес багажа - Случайно
2025-03-14 20:53:27,190 - Пользователь сгенерировал 1 пассажиров с характеристиками: поведение - Продажа, вес багажа - Случайно
2025-03-14 21:13:37,682 - Пользователь сгенерировал 1 пассажиров с характеристиками: поведение - Продажа, вес багажа - Случайно
2025-03-14 21:19:56,786 - Пользователь сгенерировал 1 пассажиров с характеристиками: поведение - Продажа, вес багажа - Случайно
2025-03-14 21:29:34,219 - Пользователь сгенерировал 1 пассажиров с характеристиками: поведение - Продажа, вес багажа - Случайно
2025-03-14 21:43:22,426 - Пользователь сгенерировал 1 пассажиров с характеристиками: поведение - Продажа, вес багажа - Случайно
2025-03-14 23:15:52,349 - Пользователь сгенерировал 1 пассажиров с характеристиками: поведение - Продажа, вес багажа - Случайно
2025-03-14 23:57:30,219 - Пользователь включил авто-генерацию пассажиров со следующими параметрами: число генерируемых пассажиров - 5, интервал генераций - 2, поведение - Обычный, вес багажа - Случайно
2025-03-14 23:57:33,162 - Пользователь отключил авто-генерацию пассажиров.
2025-03-15 00:02:10,852 - Пользователь сгенерировал 1 пассажиров с характеристиками: поведение - Обычный, вес багажа - Случайно
2025-03-15 00:02:12,637 - Пользователь включил авто-генерацию пассажиров со следующими параметрами: число генерируемых пассажиров - 5, интервал генераций - 2, поведение - Обычный, вес багажа - Случайно
2025-03-15 00:02:26,618 - Пользователь отключил авто-генерацию пассажиров.
2025-03-15 00:07:12,166 - Пользователь сгенерировал 15 пассажиров с характеристиками: поведение - Случайно, вес багажа - Случайно
2025-03-15 01:47:52,817 - Пользователь сгенерировал 1 пассажиров с характеристиками: поведение - Обычный, вес багажа - Случайно
2025-03-15 01:51:13,783 - Пользователь сгенерировал 1 пассажиров с характеристиками: поведение - Продажа, вес багажа - Случайно
2025-03-15 01:53:01,786 - Пользователь сгенерировал 1 пассажиров с характеристиками: поведение - Продажа, вес багажа - Случайно
2025-03-15 01:57:54,823 - Пользователь сгенерировал 1 пассажиров с характеристиками: поведение - Продажа, вес багажа - Случайно
2025-03-15 02:12:08,151 - Пользователь сгенерировал 1 пассажиров с характеристиками: поведение - Продажа, вес багажа - Случайно
2025-03-15 02:17:17,115 - Пользователь сгенерировал 1 пассажиров с характеристиками: поведение - Продажа, вес багажа - Случайно
2025-03-15 02:52:51,779 - Пользователь сгенерировал 1 пассажиров с характеристиками: поведение - Продажа, вес багажа - Случайно
2025-03-15 02:59:07,798 - Пользователь сгенерировал 1 пассажиров с характеристиками: поведение - Продажа, вес багажа - Случайно
2025-03-15 03:11:35,138 - Пользователь сгенерировал 1 пассажиров с характеристиками: поведение - Продажа, вес багажа - Случайно
2025-03-15 03:25:03,413 - Пользователь сгенерировал 1 пассажиров с характеристиками: поведение - Продажа, вес багажа - Случайно
2025-03-15 03:32:54,674 - Пользователь сгенерировал 1 пассажиров с характеристиками: поведение - Продажа, вес багажа - Случайно
2025-03-15 03:36:48,113 - Пользователь сгенерировал 1 пассажиров с характеристиками: поведение - Мошенник касса, вес багажа - Случайно
2025-03-15 03:41:25,451 - Пользователь сгенерировал 1 пассажиров с характеристиками: поведение - Опоздавший касса, вес багажа - Случайно
2025-03-15 03:45:54,801 - Пользователь сгенерировал 1 пассажиров с характеристиками: поведение - Мошенник регистрация, вес багажа - Случайно
2025-03-15 03:47:34,952 - Пользователь сгенерировал 1 пассажиров с характеристиками: поведение - Мошенник регистрация, вес багажа - Случайно
2025-03-15 03:57:12,467 - Пользователь сгенерировал 1 пассажиров с характеристиками: поведение - Мошенник регистрация, вес багажа - Случайно
2025-03-15 03:57:18,860 - Пользователь сгенерировал 1 пассажиров с характеристиками: поведение - Опоздавший регистрация, вес багажа - Случайно
2025-03-15 04:02:59,521 - Пользователь сгенерировал 1 пассажиров с характеристиками: поведение - Мошенник регистрация, вес багажа - Случайно
2025-03-15 04:03:02,686 - Пользователь сгенерировал 1 пассажиров с характеристиками: поведение - Опоздавший регистрация, вес багажа - Случайно
2025-03-15 04:11:38,062 - Пользователь сгенерировал 1 пассажиров с характеристиками: поведение - Мошенник регистрация, вес багажа - Случайно
2025-03-15 04:11:41,449 - Пользователь сгенерировал 1 пассажиров с характеристиками: поведение - Опоздавший регистрация, вес багажа - Случайно
2025-03-15 04:23:28,021 - Пользователь сгенерировал 1 пассажиров с характеристиками: поведение - Мошенник регистрация, вес багажа - Случайно
2025-03-15 04:23:30,481 - Пользователь сгенерировал 1 пассажиров с характеристиками: поведение - Опоздавший регистрация, вес багажа - Случайно
2025-03-15 04:49:12,607 - Пользователь сгенерировал 1 пассажиров с характеристиками: поведение - Опоздавший регистрация, вес багажа - Случайно
2025-03-15 04:49:14,658 - Пользователь сгенерировал 1 пассажиров с характеристиками: поведение - Мошенник регистрация, вес багажа - Случайно
2025-03-15 04:56:23,625 - Пользователь сгенерировал 1 пассажиров с характеристиками: поведение - Опоздавший регистрация, вес багажа - Случайно
2025-03-15 04:56:53,622 - Пользователь сгенерировал 1 пассажиров с характеристиками: поведение - Обычный, вес багажа - Случайно
2025-03-15 04:58:24,930 - Пользователь сгенерировал 1 пассажиров с характеристиками: поведение - Обычный, вес багажа - Случайно
2025-03-15 04:58:26,918 - Пользователь сгенерировал 1 пассажиров с характеристиками: поведение - Опоздавший регистрация, вес багажа - Случайно
2025-03-15 05:11:07,894 - Пользователь сгенерировал 1 пассажиров с характеристиками: поведение - Опоздавший регистрация, вес багажа - Случайно
2025-03-15 05:11:10,426 - Пользователь сгенерировал 1 пассажиров с характеристиками: поведение - Обычный, вес багажа - Случайно
2025-03-15 05:26:25,045 - Пользователь сгенерировал 1 пассажиров с характеристиками: поведение - Обычный, вес багажа - Случайно
2025-03-15 05:26:32,641 - Пользователь сгенерировал 1 пассажиров с характеристиками: поведение - Опоздавший регистрация, вес багажа - Случайно
2025-03-15 05:33:23,575 - Пользователь сгенерировал 1 пассажиров с характеристиками: поведение - Обычный, вес багажа - Случайно
